2013-11-20 09:43:27,215 - Starting Apache Velocity v1.5 (compiled: 2007-02-22 08:52:29)
2013-11-20 09:43:27,215 - Default Properties File: org/apache/velocity/runtime/defaults/velocity.properties
2013-11-20 09:43:27,215 - Trying to use logger class org.apache.velocity.runtime.log.AvalonLogChute
2013-11-20 09:43:27,217 - Couldn't find class org.apache.velocity.runtime.log.AvalonLogChute or necessary supporting classes in classpath.
java.lang.NoClassDefFoundError: org/apache/log/format/Formatter
	at java.lang.Class.forName0(Native Method)
	at java.lang.Class.forName(Class.java:247)
	at org.apache.velocity.util.ClassUtils.getClass(ClassUtils.java:63)
	at org.apache.velocity.util.ClassUtils.getNewInstance(ClassUtils.java:95)
	at org.apache.velocity.runtime.log.LogManager.createLogChute(LogManager.java:147)
	at org.apache.velocity.runtime.log.LogManager.updateLog(LogManager.java:208)
	at org.apache.velocity.runtime.RuntimeInstance.initializeLog(RuntimeInstance.java:728)
	at org.apache.velocity.runtime.RuntimeInstance.init(RuntimeInstance.java:240)
	at org.apache.velocity.runtime.RuntimeInstance.init(RuntimeInstance.java:534)
	at org.apache.velocity.runtime.RuntimeSingleton.init(RuntimeSingleton.java:227)
	at org.apache.velocity.app.Velocity.init(Velocity.java:111)
	at org.wso2.andes.server.logging.GenerateLogMessages.<init>(GenerateLogMessages.java:97)
	at org.wso2.andes.server.logging.GenerateLogMessages.main(GenerateLogMessages.java:50)
Caused by: java.lang.ClassNotFoundException: org.apache.log.format.Formatter
	at java.net.URLClassLoader$1.run(URLClassLoader.java:202)
	at java.security.AccessController.doPrivileged(Native Method)
	at java.net.URLClassLoader.findClass(URLClassLoader.java:190)
	at java.lang.ClassLoader.loadClass(ClassLoader.java:306)
	at sun.misc.Launcher$AppClassLoader.loadClass(Launcher.java:301)
	at java.lang.ClassLoader.loadClass(ClassLoader.java:247)
	... 13 more
2013-11-20 09:43:27,220 - Trying to use logger class org.apache.velocity.runtime.log.Log4JLogChute
2013-11-20 09:43:27,221 - Using logger class org.apache.velocity.runtime.log.Log4JLogChute
2013-11-20 09:43:27,224 - Default ResourceManager initializing. (class org.apache.velocity.runtime.resource.ResourceManagerImpl)
2013-11-20 09:43:27,228 - ResourceLoader instantiated: org.apache.velocity.runtime.resource.loader.FileResourceLoader
2013-11-20 09:43:27,229 - Do unicode file recognition:  false
2013-11-20 09:43:27,229 - FileResourceLoader : adding path '/home/shammi/wso2/development/platform/branches/turing/dependencies/andes/0.13.0-wso2v11/java/broker/src/velocity/templates/org/wso2/andes/server/logging/messages'
2013-11-20 09:43:28,964 - ResourceCache: initialized (class org.apache.velocity.runtime.resource.ResourceCacheImpl)
2013-11-20 09:43:28,966 - Loaded System Directive: org.apache.velocity.runtime.directive.Literal
2013-11-20 09:43:28,969 - Loaded System Directive: org.apache.velocity.runtime.directive.Macro
2013-11-20 09:43:28,971 - Loaded System Directive: org.apache.velocity.runtime.directive.Parse
2013-11-20 09:43:28,973 - Loaded System Directive: org.apache.velocity.runtime.directive.Include
2013-11-20 09:43:28,975 - Loaded System Directive: org.apache.velocity.runtime.directive.Foreach
2013-11-20 09:43:28,996 - Created '20' parsers.
2013-11-20 09:43:29,004 - Velocimacro : "velocimacro.library" is not set.  Trying default library: VM_global_library.vm
2013-11-20 09:43:29,004 - Velocimacro : Default library not found.
2013-11-20 09:43:29,004 - Velocimacro : allowInline = true : VMs can be defined inline in templates
2013-11-20 09:43:29,004 - Velocimacro : allowInlineToOverride = false : VMs defined inline may NOT replace previous VM definitions
2013-11-20 09:43:29,004 - Velocimacro : allowInlineLocal = false : VMs defined inline will be global in scope if allowed.
2013-11-20 09:43:29,004 - Velocimacro : autoload off : VM system will not automatically reload global library macros
2013-11-20 09:43:30,548 - ResourceManager : found LogMessages.vm with loader org.apache.velocity.runtime.resource.loader.FileResourceLoader
2013-11-20 09:43:36,083 - ResourceManager : found LogMessages.vm with loader org.apache.velocity.runtime.resource.loader.FileResourceLoader
2013-11-20 09:43:36,715 - ResourceManager : found LogMessages.vm with loader org.apache.velocity.runtime.resource.loader.FileResourceLoader
2013-11-20 09:43:37,537 - ResourceManager : found LogMessages.vm with loader org.apache.velocity.runtime.resource.loader.FileResourceLoader
2013-11-20 09:43:37,671 - ResourceManager : found LogMessages.vm with loader org.apache.velocity.runtime.resource.loader.FileResourceLoader
2013-11-20 09:43:38,720 - ResourceManager : found LogMessages.vm with loader org.apache.velocity.runtime.resource.loader.FileResourceLoader
2013-11-20 09:43:38,947 - ResourceManager : found LogMessages.vm with loader org.apache.velocity.runtime.resource.loader.FileResourceLoader
2013-11-20 09:43:39,147 - ResourceManager : found LogMessages.vm with loader org.apache.velocity.runtime.resource.loader.FileResourceLoader
2013-11-20 09:43:39,199 - ResourceManager : found LogMessages.vm with loader org.apache.velocity.runtime.resource.loader.FileResourceLoader
2013-11-20 09:43:39,235 - ResourceManager : found LogMessages.vm with loader org.apache.velocity.runtime.resource.loader.FileResourceLoader
2013-11-20 09:43:41,182 - ResourceManager : found LogMessages.vm with loader org.apache.velocity.runtime.resource.loader.FileResourceLoader
2013-11-20 09:43:52,540 - ResourceManager : found LogMessages.vm with loader org.apache.velocity.runtime.resource.loader.FileResourceLoader
2013-11-20 09:43:54,254 - ResourceManager : found LogMessages.vm with loader org.apache.velocity.runtime.resource.loader.FileResourceLoader
2013-11-20 09:44:00,942 - ResourceManager : found LogMessages.vm with loader org.apache.velocity.runtime.resource.loader.FileResourceLoader
2013-11-20 09:46:16,578 - Log4JLogChute initialized using file 'velocity.log'
2013-11-20 09:46:16,580 - Starting Apache Velocity v1.5 (compiled: 2007-02-22 08:52:29)
2013-11-20 09:46:16,580 - Default Properties File: org/apache/velocity/runtime/defaults/velocity.properties
2013-11-20 09:46:16,580 - Trying to use logger class org.apache.velocity.runtime.log.AvalonLogChute
2013-11-20 09:46:16,581 - Couldn't find class org.apache.velocity.runtime.log.AvalonLogChute or necessary supporting classes in classpath.
java.lang.NoClassDefFoundError: org/apache/log/format/Formatter
	at java.lang.Class.forName0(Native Method)
	at java.lang.Class.forName(Class.java:247)
	at org.apache.velocity.util.ClassUtils.getClass(ClassUtils.java:63)
	at org.apache.velocity.util.ClassUtils.getNewInstance(ClassUtils.java:95)
	at org.apache.velocity.runtime.log.LogManager.createLogChute(LogManager.java:147)
	at org.apache.velocity.runtime.log.LogManager.updateLog(LogManager.java:208)
	at org.apache.velocity.runtime.RuntimeInstance.initializeLog(RuntimeInstance.java:728)
	at org.apache.velocity.runtime.RuntimeInstance.init(RuntimeInstance.java:240)
	at org.apache.velocity.runtime.RuntimeInstance.init(RuntimeInstance.java:534)
	at org.apache.velocity.runtime.RuntimeSingleton.init(RuntimeSingleton.java:227)
	at org.apache.velocity.app.Velocity.init(Velocity.java:111)
	at org.wso2.andes.server.logging.GenerateLogMessages.<init>(GenerateLogMessages.java:97)
	at org.wso2.andes.server.logging.GenerateLogMessages.main(GenerateLogMessages.java:50)
Caused by: java.lang.ClassNotFoundException: org.apache.log.format.Formatter
	at java.net.URLClassLoader$1.run(URLClassLoader.java:202)
	at java.security.AccessController.doPrivileged(Native Method)
	at java.net.URLClassLoader.findClass(URLClassLoader.java:190)
	at java.lang.ClassLoader.loadClass(ClassLoader.java:306)
	at sun.misc.Launcher$AppClassLoader.loadClass(Launcher.java:301)
	at java.lang.ClassLoader.loadClass(ClassLoader.java:247)
	... 13 more
2013-11-20 09:46:16,585 - Trying to use logger class org.apache.velocity.runtime.log.Log4JLogChute
2013-11-20 09:46:16,585 - Using logger class org.apache.velocity.runtime.log.Log4JLogChute
2013-11-20 09:46:16,589 - Default ResourceManager initializing. (class org.apache.velocity.runtime.resource.ResourceManagerImpl)
2013-11-20 09:46:16,597 - ResourceLoader instantiated: org.apache.velocity.runtime.resource.loader.FileResourceLoader
2013-11-20 09:46:16,598 - Do unicode file recognition:  false
2013-11-20 09:46:16,598 - FileResourceLoader : adding path '/home/shammi/wso2/development/platform/branches/turing/dependencies/andes/0.13.0-wso2v11/java/broker/src/velocity/templates/org/wso2/andes/server/logging/messages'
2013-11-20 09:46:16,612 - ResourceCache: initialized (class org.apache.velocity.runtime.resource.ResourceCacheImpl)
2013-11-20 09:46:16,613 - Loaded System Directive: org.apache.velocity.runtime.directive.Literal
2013-11-20 09:46:16,615 - Loaded System Directive: org.apache.velocity.runtime.directive.Macro
2013-11-20 09:46:16,616 - Loaded System Directive: org.apache.velocity.runtime.directive.Parse
2013-11-20 09:46:16,617 - Loaded System Directive: org.apache.velocity.runtime.directive.Include
2013-11-20 09:46:16,618 - Loaded System Directive: org.apache.velocity.runtime.directive.Foreach
2013-11-20 09:46:16,641 - Created '20' parsers.
2013-11-20 09:46:16,649 - Velocimacro : "velocimacro.library" is not set.  Trying default library: VM_global_library.vm
2013-11-20 09:46:16,649 - Velocimacro : Default library not found.
2013-11-20 09:46:16,649 - Velocimacro : allowInline = true : VMs can be defined inline in templates
2013-11-20 09:46:16,649 - Velocimacro : allowInlineToOverride = false : VMs defined inline may NOT replace previous VM definitions
2013-11-20 09:46:16,649 - Velocimacro : allowInlineLocal = false : VMs defined inline will be global in scope if allowed.
2013-11-20 09:46:16,649 - Velocimacro : autoload off : VM system will not automatically reload global library macros
2013-11-20 09:46:16,715 - ResourceManager : found LogMessages.vm with loader org.apache.velocity.runtime.resource.loader.FileResourceLoader
